<?xml version="1.0" encoding="UTF-8"?>
<testng-results skipped="0" failed="0" total="1" passed="1">
  <reporter-output>
  </reporter-output>
  <suite name="Default suite" duration-ms="52376" started-at="2016-07-08T16:37:00Z" finished-at="2016-07-08T16:37:53Z">
    <groups>
    </groups>
    <test name="Default test" duration-ms="52376" started-at="2016-07-08T16:37:00Z" finished-at="2016-07-08T16:37:53Z">
      <class name="com.bridge.MyScenario">
        <test-method status="PASS" signature="setup()[pri:0, instance:com.bridge.MyScenario@68be2bc2]" name="setup" is-config="true" duration-ms="5470" started-at="2016-07-08T17:37:00Z" finished-at="2016-07-08T17:37:06Z">
          <reporter-output>
          </reporter-output>
        </test-method> <!-- setup -->
        <test-method status="PASS" signature="register()[pri:0, instance:com.bridge.MyScenario@68be2bc2]" name="register" duration-ms="45983" started-at="2016-07-08T17:37:06Z" finished-at="2016-07-08T17:37:52Z">
          <reporter-output>
          </reporter-output>
        </test-method> <!-- register -->
        <test-method status="PASS" signature="tearDown()[pri:0, instance:com.bridge.MyScenario@68be2bc2]" name="tearDown" is-config="true" duration-ms="904" started-at="2016-07-08T17:37:52Z" finished-at="2016-07-08T17:37:53Z">
          <reporter-output>
          </reporter-output>
        </test-method> <!-- tearDown -->
      </class> <!-- com.bridge.MyScenario -->
    </test> <!-- Default test -->
  </suite> <!-- Default suite -->
</testng-results>
