<?xml version="1.0" encoding="UTF-8"?>
<testng-results skipped="0" failed="0" total="1" passed="1">
  <reporter-output>
  </reporter-output>
  <suite name="Default suite" duration-ms="27880" started-at="2016-07-26T06:41:51Z" finished-at="2016-07-26T06:42:19Z">
    <groups>
    </groups>
    <test name="Default test" duration-ms="27880" started-at="2016-07-26T06:41:51Z" finished-at="2016-07-26T06:42:19Z">
      <class name="com.curve.test.HomeTest">
        <test-method status="PASS" signature="setUp()[pri:0, instance:com.curve.test.HomeTest@68be2bc2]" name="setUp" is-config="true" duration-ms="22420" started-at="2016-07-26T07:41:51Z" finished-at="2016-07-26T07:42:13Z">
          <reporter-output>
          </reporter-output>
        </test-method> <!-- setUp -->
        <test-method status="PASS" signature="execute()[pri:0, instance:com.curve.test.HomeTest@68be2bc2]" name="execute" duration-ms="4764" started-at="2016-07-26T07:42:13Z" finished-at="2016-07-26T07:42:18Z">
          <reporter-output>
          </reporter-output>
        </test-method> <!-- execute -->
        <test-method status="PASS" signature="tearDown()[pri:0, instance:com.curve.test.HomeTest@68be2bc2]" name="tearDown" is-config="true" duration-ms="687" started-at="2016-07-26T07:42:18Z" finished-at="2016-07-26T07:42:19Z">
          <reporter-output>
          </reporter-output>
        </test-method> <!-- tearDown -->
      </class> <!-- com.curve.test.HomeTest -->
    </test> <!-- Default test -->
  </suite> <!-- Default suite -->
</testng-results>
